<?xml version="1.0" encoding="UTF-8"?>
<testsuites name="Mocha Tests" time="8.767" tests="1" failures="0">
  <testsuite name="Root Suite" timestamp="2025-04-09T11:28:42" tests="0" file="cypress\e2e\1-getting-started\Lecture_30_To_39\Mouse_hover_37.cy.js" time="0.000" failures="0">
  </testsuite>
  <testsuite name="mouse Action code " timestamp="2025-04-09T11:28:42" tests="1" time="8.765" failures="0">
    <testcase name="mouse Action code  Double click on webdriver" time="6.112" classname="Double click on webdriver">
    </testcase>
  </testsuite>
</testsuites>