<?xml version="1.0" encoding="UTF-8"?>
<testsuites name="Mocha Tests" time="7.336" tests="1" failures="0">
  <testsuite name="Root Suite" timestamp="2025-04-09T11:28:08" tests="0" file="cypress\e2e\1-getting-started\Lecture_30_To_39\Dropdown_35.cy.js" time="0.000" failures="0">
  </testsuite>
  <testsuite name="Dropdown button code " timestamp="2025-04-09T11:28:08" tests="1" time="7.333" failures="0">
    <testcase name="Dropdown button code  Dropdown code on webdriver" time="4.121" classname="Dropdown code on webdriver">
    </testcase>
  </testsuite>
</testsuites>