<?xml version="1.0" encoding="UTF-8"?>
<testsuites name="Mocha Tests" time="16.393" tests="1" failures="0">
  <testsuite name="Root Suite" timestamp="2025-04-09T11:27:36" tests="0" file="cypress\e2e\1-getting-started\Lecture_30_To_39\Browser_Navigation_Code30.cy.js" time="0.000" failures="0">
  </testsuite>
  <testsuite name="Web drive code " timestamp="2025-04-09T11:27:36" tests="1" time="16.384" failures="0">
    <testcase name="Web drive code  test automation on webdriver" time="12.586" classname="test automation on webdriver">
    </testcase>
  </testsuite>
</testsuites>