<?xml version="1.0" encoding="UTF-8"?>
<testsuites name="Mocha Tests" time="17.548" tests="1" failures="0">
  <testsuite name="Root Suite" timestamp="2025-04-09T11:26:22" tests="0" file="cypress\e2e\1-getting-started\Project_start_wotk\Selector_Code_promises.cy.js" time="0.000" failures="0">
  </testsuite>
  <testsuite name="Web drive code " timestamp="2025-04-09T11:26:22" tests="1" time="17.544" failures="0">
    <testcase name="Web drive code  test automation store With CSS selector" time="12.716" classname="test automation store With CSS selector">
    </testcase>
  </testsuite>
</testsuites>