<?xml version="1.0" encoding="UTF-8"?>
<testsuites name="Mocha Tests" time="7.352" tests="1" failures="0">
  <testsuite name="Root Suite" timestamp="2025-04-09T11:28:32" tests="0" file="cypress\e2e\1-getting-started\Lecture_30_To_39\Handling_iFrame-32.cy.js" time="0.000" failures="0">
  </testsuite>
  <testsuite name="Handling iFrame code " timestamp="2025-04-09T11:28:32" tests="1" time="7.351" failures="0">
    <testcase name="Handling iFrame code  Handling iFrame code on webdriver" time="4.982" classname="Handling iFrame code on webdriver">
    </testcase>
  </testsuite>
</testsuites>