{
  "stats": {
    "suites": 1,
    "tests": 1,
    "passes": 1,
    "pending": 0,
    "failures": 0,
    "start": "2025-04-09T11:13:28.033Z",
    "end": "2025-04-09T11:13:33.587Z",
    "duration": 5554,
    "testsRegistered": 1,
    "passPercent": 100,
    "pendingPercent": 0,
    "other": 0,
    "hasOther": false,
    "skipped": 0,
    "hasSkipped": false
  },
  "results": [
    {
      "uuid": "79b609eb-d126-48ea-9fb0-99df7788a387",
      "title": "",
      "fullFile": "cypress\\e2e\\1-getting-started\\Lecture_30_To_39\\Dropdown_35.cy.js",
      "file": "cypress\\e2e\\1-getting-started\\Lecture_30_To_39\\Dropdown_35.cy.js",
      "beforeHooks": [],
      "afterHooks": [],
      "tests": [],
      "suites": [
        {
          "uuid": "5f14e178-a36f-4fbb-b3d7-afd610f3aab2",
          "title": "Dropdown button code ",
          "fullFile": "",
          "file": "",
          "beforeHooks": [],
          "afterHooks": [],
          "tests": [
            {
              "title": "Dropdown code on webdriver",
              "fullTitle": "Dropdown button code  Dropdown code on webdriver",
              "timedOut": null,
              "duration": 3676,
              "state": "passed",
              "speed": "fast",
              "pass": true,
              "fail": false,
              "pending": false,
              "context": null,
              "code": "cy.visit('http://www.webdriveruniversity.com');\ncy.get('#dropdown-checkboxes-radiobuttons').invoke('removeAttr', 'target').click();\ncy.get('#dropdowm-menu-1').select('C#');\ncy.get('#dropdowm-menu-2').select('JUnit');\ncy.get('#dropdowm-menu-3').select('JavaScript');",
              "err": {},
              "uuid": "3b29be8c-469c-4659-a51a-89279a1cbe74",
              "parentUUID": "5f14e178-a36f-4fbb-b3d7-afd610f3aab2",
              "isHook": false,
              "skipped": false
            }
          ],
          "suites": [],
          "passes": [
            "3b29be8c-469c-4659-a51a-89279a1cbe74"
          ],
          "failures": [],
          "pending": [],
          "skipped": [],
          "duration": 3676,
          "root": false,
          "rootEmpty": false,
          "_timeout": 2000
        }
      ],
      "passes": [],
      "failures": [],
      "pending": [],
      "skipped": [],
      "duration": 0,
      "root": true,
      "rootEmpty": true,
      "_timeout": 2000
    }
  ],
  "meta": {
    "mocha": {
      "version": "7.2.0"
    },
    "mochawesome": {
      "options": {
        "quiet": false,
        "reportFilename": "mochawesome",
        "saveHtml": true,
        "saveJson": true,
        "consoleReporter": "spec",
        "useInlineDiffs": false,
        "code": true
      },
      "version": "7.1.3"
    },
    "marge": {
      "options": {
        "reportDir": "cypress/reports",
        "overwrite": false,
        "html": true,
        "json": true
      },
      "version": "6.2.0"
    }
  }
}