{
  "stats": {
    "suites": 1,
    "tests": 1,
    "passes": 1,
    "pending": 0,
    "failures": 0,
    "start": "2025-04-09T11:13:20.455Z",
    "end": "2025-04-09T11:13:25.750Z",
    "duration": 5295,
    "testsRegistered": 1,
    "passPercent": 100,
    "pendingPercent": 0,
    "other": 0,
    "hasOther": false,
    "skipped": 0,
    "hasSkipped": false
  },
  "results": [
    {
      "uuid": "aaf83bea-85fb-41d8-98fa-d80ea6a77139",
      "title": "",
      "fullFile": "cypress\\e2e\\1-getting-started\\Lecture_30_To_39\\Checkbox_radioButton.cy.js",
      "file": "cypress\\e2e\\1-getting-started\\Lecture_30_To_39\\Checkbox_radioButton.cy.js",
      "beforeHooks": [],
      "afterHooks": [],
      "tests": [],
      "suites": [
        {
          "uuid": "25414f0e-6ef6-4582-a234-b99d150dcc52",
          "title": "Check box and radio button code ",
          "fullFile": "",
          "file": "",
          "beforeHooks": [],
          "afterHooks": [],
          "tests": [
            {
              "title": "Radio button code on webdriver",
              "fullTitle": "Check box and radio button code  Radio button code on webdriver",
              "timedOut": null,
              "duration": 3410,
              "state": "passed",
              "speed": "fast",
              "pass": true,
              "fail": false,
              "pending": false,
              "context": null,
              "code": "cy.visit('http://www.webdriveruniversity.com');\ncy.get('#dropdown-checkboxes-radiobuttons').invoke('removeAttr', 'target').click(); // Alert valy code ma ye logic use ho skta hy\n// cy.get('input[value=\"orange\"]').first().check() this is also effective code u can use this if needed\ncy.get('#radio-buttons').find('input[type=\"radio\"]').first().check();\ncy.get('#radio-buttons').find('input[type=\"radio\"]').eq('2').check();",
              "err": {},
              "uuid": "ca8ab4c3-200d-4eb3-bd2e-f2d23cf92ab2",
              "parentUUID": "25414f0e-6ef6-4582-a234-b99d150dcc52",
              "isHook": false,
              "skipped": false
            }
          ],
          "suites": [],
          "passes": [
            "ca8ab4c3-200d-4eb3-bd2e-f2d23cf92ab2"
          ],
          "failures": [],
          "pending": [],
          "skipped": [],
          "duration": 3410,
          "root": false,
          "rootEmpty": false,
          "_timeout": 2000
        }
      ],
      "passes": [],
      "failures": [],
      "pending": [],
      "skipped": [],
      "duration": 0,
      "root": true,
      "rootEmpty": true,
      "_timeout": 2000
    }
  ],
  "meta": {
    "mocha": {
      "version": "7.2.0"
    },
    "mochawesome": {
      "options": {
        "quiet": false,
        "reportFilename": "mochawesome",
        "saveHtml": true,
        "saveJson": true,
        "consoleReporter": "spec",
        "useInlineDiffs": false,
        "code": true
      },
      "version": "7.1.3"
    },
    "marge": {
      "options": {
        "reportDir": "cypress/reports",
        "overwrite": false,
        "html": true,
        "json": true
      },
      "version": "6.2.0"
    }
  }
}