{
  "stats": {
    "suites": 1,
    "tests": 1,
    "passes": 1,
    "pending": 0,
    "failures": 0,
    "start": "2025-04-09T11:14:42.245Z",
    "end": "2025-04-09T11:14:53.657Z",
    "duration": 11412,
    "testsRegistered": 1,
    "passPercent": 100,
    "pendingPercent": 0,
    "other": 0,
    "hasOther": false,
    "skipped": 0,
    "hasSkipped": false
  },
  "results": [
    {
      "uuid": "2c4d107e-16af-439a-9922-be67d6d21f62",
      "title": "",
      "fullFile": "cypress\\e2e\\1-getting-started\\Project_start_wotk\\Child-window_webdrivecode.cy.js",
      "file": "cypress\\e2e\\1-getting-started\\Project_start_wotk\\Child-window_webdrivecode.cy.js",
      "beforeHooks": [],
      "afterHooks": [],
      "tests": [],
      "suites": [
        {
          "uuid": "d3ae650e-fda6-4c28-aacc-b3950a655c8c",
          "title": "Web drive code ",
          "fullFile": "",
          "file": "",
          "beforeHooks": [],
          "afterHooks": [],
          "tests": [
            {
              "title": "test automation on webdriver",
              "fullTitle": "Web drive code  test automation on webdriver",
              "timedOut": null,
              "duration": 8240,
              "state": "passed",
              "speed": "medium",
              "pass": true,
              "fail": false,
              "pending": false,
              "context": null,
              "code": "cy.visit('http://www.webdriveruniversity.com');\ncy.get('#contact-us').invoke('removeAttr', 'target').click();\ncy.get('[name=\"first_name\"]').type('Zeeshan');\ncy.get('[name=\"last_name\"]').type('Mushtaq');\ncy.get('[name=\"email\"]').type('zishan@gmail.com');\ncy.get('textarea.feedback-input').type('No comments');\ncy.get('[type=\"submit\"]').click();\ncy.get('h1').should('have.text', 'Thank You for your Message!');\nconsole.log('Test is compelete'); // non cypress command\ncy.log('cypress command test is compelete'); //cypress command",
              "err": {},
              "uuid": "e4f2b7fa-cf57-4a8c-a74b-02ce2394f4ac",
              "parentUUID": "d3ae650e-fda6-4c28-aacc-b3950a655c8c",
              "isHook": false,
              "skipped": false
            }
          ],
          "suites": [],
          "passes": [
            "e4f2b7fa-cf57-4a8c-a74b-02ce2394f4ac"
          ],
          "failures": [],
          "pending": [],
          "skipped": [],
          "duration": 8240,
          "root": false,
          "rootEmpty": false,
          "_timeout": 2000
        }
      ],
      "passes": [],
      "failures": [],
      "pending": [],
      "skipped": [],
      "duration": 0,
      "root": true,
      "rootEmpty": true,
      "_timeout": 2000
    }
  ],
  "meta": {
    "mocha": {
      "version": "7.2.0"
    },
    "mochawesome": {
      "options": {
        "quiet": false,
        "reportFilename": "mochawesome",
        "saveHtml": true,
        "saveJson": true,
        "consoleReporter": "spec",
        "useInlineDiffs": false,
        "code": true
      },
      "version": "7.1.3"
    },
    "marge": {
      "options": {
        "reportDir": "cypress/reports",
        "overwrite": false,
        "html": true,
        "json": true
      },
      "version": "6.2.0"
    }
  }
}