{
  "stats": {
    "suites": 1,
    "tests": 2,
    "passes": 2,
    "pending": 0,
    "failures": 0,
    "start": "2025-04-09T11:14:10.845Z",
    "end": "2025-04-09T11:14:24.230Z",
    "duration": 13385,
    "testsRegistered": 2,
    "passPercent": 100,
    "pendingPercent": 0,
    "other": 0,
    "hasOther": false,
    "skipped": 0,
    "hasSkipped": false
  },
  "results": [
    {
      "uuid": "6e652db1-70cf-4386-95fa-be368c8ac978",
      "title": "",
      "fullFile": "cypress\\e2e\\1-getting-started\\Lecture_30_To_39\\sohib.cy.js",
      "file": "cypress\\e2e\\1-getting-started\\Lecture_30_To_39\\sohib.cy.js",
      "beforeHooks": [],
      "afterHooks": [],
      "tests": [],
      "suites": [
        {
          "uuid": "f6225bea-58e5-4c57-87d9-8c6cac98ed30",
          "title": "template spec",
          "fullFile": "",
          "file": "",
          "beforeHooks": [],
          "afterHooks": [],
          "tests": [
            {
              "title": "passes",
              "fullTitle": "template spec passes",
              "timedOut": null,
              "duration": 7672,
              "state": "passed",
              "speed": "medium",
              "pass": true,
              "fail": false,
              "pending": false,
              "context": null,
              "code": "cy.visit('https://qa-practice.netlify.app/');\ncy.get('#auth-shop').click();",
              "err": {},
              "uuid": "9ff3c8c5-cc54-4eeb-bc96-11db0fe8975e",
              "parentUUID": "f6225bea-58e5-4c57-87d9-8c6cac98ed30",
              "isHook": false,
              "skipped": false
            },
            {
              "title": "enter the credentials",
              "fullTitle": "template spec enter the credentials",
              "timedOut": null,
              "duration": 886,
              "state": "passed",
              "speed": "fast",
              "pass": true,
              "fail": false,
              "pending": false,
              "context": null,
              "code": "cy.get('#email').type('admin@admin.com');\ncy.get('#password').type('admin123');\ncy.get('#submitLoginBtn').click();",
              "err": {},
              "uuid": "d4e9c272-0f09-4ecd-a273-824869ae8ffc",
              "parentUUID": "f6225bea-58e5-4c57-87d9-8c6cac98ed30",
              "isHook": false,
              "skipped": false
            }
          ],
          "suites": [],
          "passes": [
            "9ff3c8c5-cc54-4eeb-bc96-11db0fe8975e",
            "d4e9c272-0f09-4ecd-a273-824869ae8ffc"
          ],
          "failures": [],
          "pending": [],
          "skipped": [],
          "duration": 8558,
          "root": false,
          "rootEmpty": false,
          "_timeout": 2000
        }
      ],
      "passes": [],
      "failures": [],
      "pending": [],
      "skipped": [],
      "duration": 0,
      "root": true,
      "rootEmpty": true,
      "_timeout": 2000
    }
  ],
  "meta": {
    "mocha": {
      "version": "7.2.0"
    },
    "mochawesome": {
      "options": {
        "quiet": false,
        "reportFilename": "mochawesome",
        "saveHtml": true,
        "saveJson": true,
        "consoleReporter": "spec",
        "useInlineDiffs": false,
        "code": true
      },
      "version": "7.1.3"
    },
    "marge": {
      "options": {
        "reportDir": "cypress/reports",
        "overwrite": false,
        "html": true,
        "json": true
      },
      "version": "6.2.0"
    }
  }
}