{
  "stats": {
    "suites": 1,
    "tests": 1,
    "passes": 1,
    "pending": 0,
    "failures": 0,
    "start": "2025-04-09T11:13:05.774Z",
    "end": "2025-04-09T11:13:17.587Z",
    "duration": 11813,
    "testsRegistered": 1,
    "passPercent": 100,
    "pendingPercent": 0,
    "other": 0,
    "hasOther": false,
    "skipped": 0,
    "hasSkipped": false
  },
  "results": [
    {
      "uuid": "18721c37-e704-43d4-b837-74eed56d9101",
      "title": "",
      "fullFile": "cypress\\e2e\\1-getting-started\\Lecture_30_To_39\\Browser_Navigation_Code30.cy.js",
      "file": "cypress\\e2e\\1-getting-started\\Lecture_30_To_39\\Browser_Navigation_Code30.cy.js",
      "beforeHooks": [],
      "afterHooks": [],
      "tests": [],
      "suites": [
        {
          "uuid": "21b7a8a5-1c88-4298-91ac-81ba877dfb6c",
          "title": "Web drive code ",
          "fullFile": "",
          "file": "",
          "beforeHooks": [],
          "afterHooks": [],
          "tests": [
            {
              "title": "test automation on webdriver",
              "fullTitle": "Web drive code  test automation on webdriver",
              "timedOut": null,
              "duration": 8722,
              "state": "passed",
              "speed": "medium",
              "pass": true,
              "fail": false,
              "pending": false,
              "context": null,
              "code": "cy.visit('http://www.webdriveruniversity.com');\ncy.get('#contact-us').invoke('removeAttr', 'target').click();\ncy.url().should('include', 'contactus');\ncy.go('back'); //kisi page sy back aanny k liy \ncy.reload(); // normal reload \ncy.reload(true); // for caches clear   \ncy.go('forward'); // jis page sy vapis ay hy us sy agy jany k liy\ncy.url().should('include', 'contactus');\ncy.go('back');\ncy.get('#to-do-list').invoke('removeAttr', 'target').click();\ncy.url().should('include', 'To-Do-List');\ncy.go('back'); //kisi page sy back aanny k liy \ncy.reload();\ncy.url().should('include', 'webdriveruniversity');\ncy.go('forward');\ncy.url().should('include', 'To-Do-List');\nconsole.log('Test is compelete'); // non cypress command\ncy.log('cypress command test is compelete'); //cypress command",
              "err": {},
              "uuid": "cc2af4fb-8247-410e-b518-035f868f58c3",
              "parentUUID": "21b7a8a5-1c88-4298-91ac-81ba877dfb6c",
              "isHook": false,
              "skipped": false
            }
          ],
          "suites": [],
          "passes": [
            "cc2af4fb-8247-410e-b518-035f868f58c3"
          ],
          "failures": [],
          "pending": [],
          "skipped": [],
          "duration": 8722,
          "root": false,
          "rootEmpty": false,
          "_timeout": 2000
        }
      ],
      "passes": [],
      "failures": [],
      "pending": [],
      "skipped": [],
      "duration": 0,
      "root": true,
      "rootEmpty": true,
      "_timeout": 2000
    }
  ],
  "meta": {
    "mocha": {
      "version": "7.2.0"
    },
    "mochawesome": {
      "options": {
        "quiet": false,
        "reportFilename": "mochawesome",
        "saveHtml": true,
        "saveJson": true,
        "consoleReporter": "spec",
        "useInlineDiffs": false,
        "code": true
      },
      "version": "7.1.3"
    },
    "marge": {
      "options": {
        "reportDir": "cypress/reports",
        "overwrite": false,
        "html": true,
        "json": true
      },
      "version": "6.2.0"
    }
  }
}