{
  "stats": {
    "suites": 1,
    "tests": 1,
    "passes": 1,
    "pending": 0,
    "failures": 0,
    "start": "2025-04-09T11:13:50.012Z",
    "end": "2025-04-09T11:13:57.483Z",
    "duration": 7471,
    "testsRegistered": 1,
    "passPercent": 100,
    "pendingPercent": 0,
    "other": 0,
    "hasOther": false,
    "skipped": 0,
    "hasSkipped": false
  },
  "results": [
    {
      "uuid": "462d018c-8a56-4ca6-b617-19da70128366",
      "title": "",
      "fullFile": "cypress\\e2e\\1-getting-started\\Lecture_30_To_39\\Handling_iFrame-32.cy.js",
      "file": "cypress\\e2e\\1-getting-started\\Lecture_30_To_39\\Handling_iFrame-32.cy.js",
      "beforeHooks": [],
      "afterHooks": [],
      "tests": [],
      "suites": [
        {
          "uuid": "0ec4e060-a3ca-4a09-bc74-60d65d66a699",
          "title": "Handling iFrame code ",
          "fullFile": "",
          "file": "",
          "beforeHooks": [],
          "afterHooks": [],
          "tests": [
            {
              "title": "Handling iFrame code on webdriver",
              "fullTitle": "Handling iFrame code  Handling iFrame code on webdriver",
              "timedOut": null,
              "duration": 4775,
              "state": "passed",
              "speed": "fast",
              "pass": true,
              "fail": false,
              "pending": false,
              "context": null,
              "code": "cy.visit('http://www.webdriveruniversity.com');\ncy.get('#iframe').invoke('removeAttr', 'target').click();\ncy.get('#frame').then($iframe => {\n  // '#frame' is code sy pory iframe ki body ko niklaa \n  const zeesha_a = $iframe.contents().find('body'); // iframe pury k pury ko constant ma store kiya like zeesha_a ma\n  cy.wrap(zeesha_a).as('iframe_zee'); //her jaga takreban ye code hi use ho ga iFrame ko get krny k liy ye 3 line jo 1 block ma likhi hy vo\n});\ncy.get('@iframe_zee').find('#button-find-out-more').click();\ncy.get('@iframe_zee').find('#myModal').as('zeesModel'); //as uses hota hy puri body ma jo object hy un ko dekkny k liy\ncy.get('@zeesModel').should($expectedText => {\n  //1 as ma value store krvaee then next \n  const zeesahn_ab = $expectedText.text();\n  expect(zeesahn_ab).to.include('Welcome to webdriveruniversity.com we sell a wide range of electrical goods such as laptops, game consoles, cameras...');\n});\ncy.get('@zeesModel').contains('Close').click(); // Alert valy code ma ye logic use ho skta hy",
              "err": {},
              "uuid": "e59ee17c-8c88-422b-a014-f3f5909ea529",
              "parentUUID": "0ec4e060-a3ca-4a09-bc74-60d65d66a699",
              "isHook": false,
              "skipped": false
            }
          ],
          "suites": [],
          "passes": [
            "e59ee17c-8c88-422b-a014-f3f5909ea529"
          ],
          "failures": [],
          "pending": [],
          "skipped": [],
          "duration": 4775,
          "root": false,
          "rootEmpty": false,
          "_timeout": 2000
        }
      ],
      "passes": [],
      "failures": [],
      "pending": [],
      "skipped": [],
      "duration": 0,
      "root": true,
      "rootEmpty": true,
      "_timeout": 2000
    }
  ],
  "meta": {
    "mocha": {
      "version": "7.2.0"
    },
    "mochawesome": {
      "options": {
        "quiet": false,
        "reportFilename": "mochawesome",
        "saveHtml": true,
        "saveJson": true,
        "consoleReporter": "spec",
        "useInlineDiffs": false,
        "code": true
      },
      "version": "7.1.3"
    },
    "marge": {
      "options": {
        "reportDir": "cypress/reports",
        "overwrite": false,
        "html": true,
        "json": true
      },
      "version": "6.2.0"
    }
  }
}