{
  "stats": {
    "suites": 1,
    "tests": 1,
    "passes": 1,
    "pending": 0,
    "failures": 0,
    "start": "2025-04-09T11:15:39.582Z",
    "end": "2025-04-09T11:15:54.676Z",
    "duration": 15094,
    "testsRegistered": 1,
    "passPercent": 100,
    "pendingPercent": 0,
    "other": 0,
    "hasOther": false,
    "skipped": 0,
    "hasSkipped": false
  },
  "results": [
    {
      "uuid": "99e5afc8-940e-449d-8897-c4f1d29a6d00",
      "title": "",
      "fullFile": "cypress\\e2e\\1-getting-started\\Project_start_wotk\\ilterating_element.cy.js",
      "file": "cypress\\e2e\\1-getting-started\\Project_start_wotk\\ilterating_element.cy.js",
      "beforeHooks": [],
      "afterHooks": [],
      "tests": [],
      "suites": [
        {
          "uuid": "ed96eddc-c427-4814-87e2-058d6aa5aa0e",
          "title": "Ilterating elements command",
          "fullFile": "",
          "file": "",
          "beforeHooks": [],
          "afterHooks": [],
          "tests": [
            {
              "title": "Ilterating elements command",
              "fullTitle": "Ilterating elements command Ilterating elements command",
              "timedOut": null,
              "duration": 9808,
              "state": "passed",
              "speed": "medium",
              "pass": true,
              "fail": false,
              "pending": false,
              "context": null,
              "code": "cy.visit('https://automationteststore.com/');\ncy.get('#categorymenu').contains('Hair Care').click();\n//each loop functionality code\nconst ilterating_a = cy.get('.fixed_wrapper');\nilterating_a.each(($element, index, $list) => {\n  //element, index, list   its ilteration code\n  if (index == 3) {\n    cy.log('Zeesahn');\n    cy.log('index :' + index + ' :' + $element.text());\n    cy.wrap($element).click();\n  } else {\n    cy.log('Fawad');\n    cy.log('index :' + index + ' :' + $element.text());\n  }\n});",
              "err": {},
              "uuid": "097ed915-cc04-433b-80ed-3949017cf297",
              "parentUUID": "ed96eddc-c427-4814-87e2-058d6aa5aa0e",
              "isHook": false,
              "skipped": false
            }
          ],
          "suites": [],
          "passes": [
            "097ed915-cc04-433b-80ed-3949017cf297"
          ],
          "failures": [],
          "pending": [],
          "skipped": [],
          "duration": 9808,
          "root": false,
          "rootEmpty": false,
          "_timeout": 2000
        }
      ],
      "passes": [],
      "failures": [],
      "pending": [],
      "skipped": [],
      "duration": 0,
      "root": true,
      "rootEmpty": true,
      "_timeout": 2000
    }
  ],
  "meta": {
    "mocha": {
      "version": "7.2.0"
    },
    "mochawesome": {
      "options": {
        "quiet": false,
        "reportFilename": "mochawesome",
        "saveHtml": true,
        "saveJson": true,
        "consoleReporter": "spec",
        "useInlineDiffs": false,
        "code": true
      },
      "version": "7.1.3"
    },
    "marge": {
      "options": {
        "reportDir": "cypress/reports",
        "overwrite": false,
        "html": true,
        "json": true
      },
      "version": "6.2.0"
    }
  }
}