{
  "stats": {
    "suites": 1,
    "tests": 1,
    "passes": 1,
    "pending": 0,
    "failures": 0,
    "start": "2025-04-09T11:14:00.349Z",
    "end": "2025-04-09T11:14:08.180Z",
    "duration": 7831,
    "testsRegistered": 1,
    "passPercent": 100,
    "pendingPercent": 0,
    "other": 0,
    "hasOther": false,
    "skipped": 0,
    "hasSkipped": false
  },
  "results": [
    {
      "uuid": "fd48d05e-eeca-422b-9f07-d2aee2ed163c",
      "title": "",
      "fullFile": "cypress\\e2e\\1-getting-started\\Lecture_30_To_39\\Mouse_hover_37.cy.js",
      "file": "cypress\\e2e\\1-getting-started\\Lecture_30_To_39\\Mouse_hover_37.cy.js",
      "beforeHooks": [],
      "afterHooks": [],
      "tests": [],
      "suites": [
        {
          "uuid": "fd5bd267-12f2-4884-bfb6-7e3171cc5ef4",
          "title": "mouse Action code ",
          "fullFile": "",
          "file": "",
          "beforeHooks": [],
          "afterHooks": [],
          "tests": [
            {
              "title": "Double click on webdriver",
              "fullTitle": "mouse Action code  Double click on webdriver",
              "timedOut": null,
              "duration": 5305,
              "state": "passed",
              "speed": "medium",
              "pass": true,
              "fail": false,
              "pending": false,
              "context": null,
              "code": "cy.visit('http://www.webdriveruniversity.com');\ncy.get('#actions').scrollIntoView().invoke('removeAttr', 'target').click();\ncy.get('#double-click').dblclick();",
              "err": {},
              "uuid": "7eb4207f-bdc3-4686-8039-6a3b50dc3107",
              "parentUUID": "fd5bd267-12f2-4884-bfb6-7e3171cc5ef4",
              "isHook": false,
              "skipped": false
            }
          ],
          "suites": [],
          "passes": [
            "7eb4207f-bdc3-4686-8039-6a3b50dc3107"
          ],
          "failures": [],
          "pending": [],
          "skipped": [],
          "duration": 5305,
          "root": false,
          "rootEmpty": false,
          "_timeout": 2000
        }
      ],
      "passes": [],
      "failures": [],
      "pending": [],
      "skipped": [],
      "duration": 0,
      "root": true,
      "rootEmpty": true,
      "_timeout": 2000
    }
  ],
  "meta": {
    "mocha": {
      "version": "7.2.0"
    },
    "mochawesome": {
      "options": {
        "quiet": false,
        "reportFilename": "mochawesome",
        "saveHtml": true,
        "saveJson": true,
        "consoleReporter": "spec",
        "useInlineDiffs": false,
        "code": true
      },
      "version": "7.1.3"
    },
    "marge": {
      "options": {
        "reportDir": "cypress/reports",
        "overwrite": false,
        "html": true,
        "json": true
      },
      "version": "6.2.0"
    }
  }
}