{
  "stats": {
    "suites": 1,
    "tests": 1,
    "passes": 0,
    "pending": 0,
    "failures": 1,
    "start": "2025-04-09T11:12:25.236Z",
    "end": "2025-04-09T11:12:42.701Z",
    "duration": 17465,
    "testsRegistered": 1,
    "passPercent": 0,
    "pendingPercent": 0,
    "other": 0,
    "hasOther": false,
    "skipped": 0,
    "hasSkipped": false
  },
  "results": [
    {
      "uuid": "12a8a2cd-a323-4560-8ca1-c8b60fbf8919",
      "title": "",
      "fullFile": "cypress\\e2e\\1-getting-started\\Contact-us_ORIG.cy.js",
      "file": "cypress\\e2e\\1-getting-started\\Contact-us_ORIG.cy.js",
      "beforeHooks": [],
      "afterHooks": [],
      "tests": [],
      "suites": [
        {
          "uuid": "9ad95c3a-e2ee-4b38-949b-9b163927d6a2",
          "title": "Test Contact Us form via Automation Test Store",
          "fullFile": "",
          "file": "",
          "beforeHooks": [],
          "afterHooks": [],
          "tests": [
            {
              "title": "Should be able to submit a successful submission via contact us form",
              "fullTitle": "Test Contact Us form via Automation Test Store Should be able to submit a successful submission via contact us form",
              "timedOut": null,
              "duration": 13580,
              "state": "failed",
              "speed": null,
              "pass": false,
              "fail": true,
              "pending": false,
              "context": null,
              "code": "cy.visit(\"https://www.automationteststore.com/\");\ncy.get(\"a[href$='contact']\").click();\n//cy.xpath(\"//a[contains(@href, 'contact')]\").click(joe);\n// this is from GitHub and now this is VS Code\ncy.get('#ContactUsFrm_first_name').type(\"joe\");\ncy.get('#ContactUsFrm_email').type(\"joe_blogs123@gmail.com\");\ncy.get('#ContactUsFrm_enquiry').type(\"Do you provide additional discount on bulk orders?\");\ncy.get(\"button[title='Submit']\").click();",
              "err": {
                "message": "CypressError: Timed out retrying after 4000ms: The command was expected to run against origin `https://www.automationteststore.com` but the application is at origin `https://automationteststore.com`.\n\nThis commonly happens when you have either not navigated to the expected origin or have navigated away unexpectedly.\n\nUsing `cy.origin()` to wrap the commands run on `https://automationteststore.com` will likely fix this issue.\n\n`cy.origin('https://automationteststore.com', () => {`\n`  <commands targeting https://automationteststore.com go here>`\n`})`\n\nhttps://on.cypress.io/cy-visit-succeeded-but-commands-fail",
                "estack": "CypressError: Timed out retrying after 4000ms: The command was expected to run against origin `https://www.automationteststore.com` but the application is at origin `https://automationteststore.com`.\n\nThis commonly happens when you have either not navigated to the expected origin or have navigated away unexpectedly.\n\nUsing `cy.origin()` to wrap the commands run on `https://automationteststore.com` will likely fix this issue.\n\n`cy.origin('https://automationteststore.com', () => {`\n`  <commands targeting https://automationteststore.com go here>`\n`})`\n\nhttps://on.cypress.io/cy-visit-succeeded-but-commands-fail\n    at cypressErr (https://www.automationteststore.com/__cypress/runner/cypress_runner.js:76205:18)\n    at Object.errByPath (https://www.automationteststore.com/__cypress/runner/cypress_runner.js:76259:10)\n    at Object.commandCanCommunicateWithAUT (https://www.automationteststore.com/__cypress/runner/cypress_runner.js:147111:90)\n    at <unknown> (https://www.automationteststore.com/__cypress/runner/cypress_runner.js:134074:22)\n    at Object.subjectFn (https://www.automationteststore.com/__cypress/runner/cypress_runner.js:145953:16)\n    at $Cy.verifyUpcomingAssertions (https://www.automationteststore.com/__cypress/runner/cypress_runner.js:145275:31)\n    at onRetry (https://www.automationteststore.com/__cypress/runner/cypress_runner.js:145944:15)\n    at tryCatcher (https://www.automationteststore.com/__cypress/runner/cypress_runner.js:1777:23)\n    at Promise.attempt.Promise.try (https://www.automationteststore.com/__cypress/runner/cypress_runner.js:4285:29)\n    at whenStable (https://www.automationteststore.com/__cypress/runner/cypress_runner.js:145831:68)\n    at <unknown> (https://www.automationteststore.com/__cypress/runner/cypress_runner.js:145772:14)\n    at tryCatcher (https://www.automationteststore.com/__cypress/runner/cypress_runner.js:1777:23)\n    at Promise._settlePromiseFromHandler (https://www.automationteststore.com/__cypress/runner/cypress_runner.js:1489:31)\n    at Promise._settlePromise (https://www.automationteststore.com/__cypress/runner/cypress_runner.js:1546:18)\n    at Promise._settlePromise0 (https://www.automationteststore.com/__cypress/runner/cypress_runner.js:1591:10)\n    at Promise._settlePromises (https://www.automationteststore.com/__cypress/runner/cypress_runner.js:1671:18)\n    at Promise._fulfill (https://www.automationteststore.com/__cypress/runner/cypress_runner.js:1615:18)\n    at <unknown> (https://www.automationteststore.com/__cypress/runner/cypress_runner.js:5420:46)\nFrom Your Spec Code:\n    at Context.eval (webpack://zcypress-2/./cypress/e2e/1-getting-started/Contact-us_ORIG.cy.js:9:11)",
                "diff": null
              },
              "uuid": "270f39fb-55b1-4cf2-9a27-75d2b5f7cb88",
              "parentUUID": "9ad95c3a-e2ee-4b38-949b-9b163927d6a2",
              "isHook": false,
              "skipped": false
            }
          ],
          "suites": [],
          "passes": [],
          "failures": [
            "270f39fb-55b1-4cf2-9a27-75d2b5f7cb88"
          ],
          "pending": [],
          "skipped": [],
          "duration": 13580,
          "root": false,
          "rootEmpty": false,
          "_timeout": 2000
        }
      ],
      "passes": [],
      "failures": [],
      "pending": [],
      "skipped": [],
      "duration": 0,
      "root": true,
      "rootEmpty": true,
      "_timeout": 2000
    }
  ],
  "meta": {
    "mocha": {
      "version": "7.2.0"
    },
    "mochawesome": {
      "options": {
        "quiet": false,
        "reportFilename": "mochawesome",
        "saveHtml": true,
        "saveJson": true,
        "consoleReporter": "spec",
        "useInlineDiffs": false,
        "code": true
      },
      "version": "7.1.3"
    },
    "marge": {
      "options": {
        "reportDir": "cypress/reports",
        "overwrite": false,
        "html": true,
        "json": true
      },
      "version": "6.2.0"
    }
  }
}