{
  "stats": {
    "suites": 1,
    "tests": 1,
    "passes": 1,
    "pending": 0,
    "failures": 0,
    "start": "2025-04-09T11:15:57.953Z",
    "end": "2025-04-09T11:16:12.038Z",
    "duration": 14085,
    "testsRegistered": 1,
    "passPercent": 100,
    "pendingPercent": 0,
    "other": 0,
    "hasOther": false,
    "skipped": 0,
    "hasSkipped": false
  },
  "results": [
    {
      "uuid": "37ef4485-4943-4cea-90f7-04017b93f248",
      "title": "",
      "fullFile": "cypress\\e2e\\1-getting-started\\Project_start_wotk\\veriable_Jqyery_Code.cy.js",
      "file": "cypress\\e2e\\1-getting-started\\Project_start_wotk\\veriable_Jqyery_Code.cy.js",
      "beforeHooks": [],
      "afterHooks": [],
      "tests": [],
      "suites": [
        {
          "uuid": "8fa4502e-7be5-404e-bb30-722cb89c6d63",
          "title": "Veriable, cypress Command and Jquery command",
          "fullFile": "",
          "file": "",
          "beforeHooks": [],
          "afterHooks": [],
          "tests": [
            {
              "title": "Veriable, cypress Command and Jquery command",
              "fullTitle": "Veriable, cypress Command and Jquery command Veriable, cypress Command and Jquery command",
              "timedOut": null,
              "duration": 9765,
              "state": "passed",
              "speed": "medium",
              "pass": true,
              "fail": false,
              "pending": false,
              "context": null,
              "code": "cy.visit('https://automationteststore.com/');\nconst Skincare_a = cy.get('#categorymenu').contains('Skincare'); //variable\nSkincare_a.click();\nconst Makeup_a = cy.get('#categorymenu').contains('Makeup'); //variable\nMakeup_a.click();\nconst header_a = cy.get('h1.heading1').contains('Makeup'); //variable\ncy.get('h1.heading1').then($HeaderText => {\n  // h1.headding1 ki value store ki hy $HeaderText ma\n  const header_b = $HeaderText.text(); // store value 1 to other\n  cy.log('this is header :' + header_b); //here we print\n});",
              "err": {},
              "uuid": "620418e5-6c4c-4c22-9316-75307d8aa8e7",
              "parentUUID": "8fa4502e-7be5-404e-bb30-722cb89c6d63",
              "isHook": false,
              "skipped": false
            }
          ],
          "suites": [],
          "passes": [
            "620418e5-6c4c-4c22-9316-75307d8aa8e7"
          ],
          "failures": [],
          "pending": [],
          "skipped": [],
          "duration": 9765,
          "root": false,
          "rootEmpty": false,
          "_timeout": 2000
        }
      ],
      "passes": [],
      "failures": [],
      "pending": [],
      "skipped": [],
      "duration": 0,
      "root": true,
      "rootEmpty": true,
      "_timeout": 2000
    }
  ],
  "meta": {
    "mocha": {
      "version": "7.2.0"
    },
    "mochawesome": {
      "options": {
        "quiet": false,
        "reportFilename": "mochawesome",
        "saveHtml": true,
        "saveJson": true,
        "consoleReporter": "spec",
        "useInlineDiffs": false,
        "code": true
      },
      "version": "7.1.3"
    },
    "marge": {
      "options": {
        "reportDir": "cypress/reports",
        "overwrite": false,
        "html": true,
        "json": true
      },
      "version": "6.2.0"
    }
  }
}